valve\maps\boot_camp.bsp
valve\sound\debris\pushbox1.wav
valve\sound\debris\pushbox2.wav
valve\sound\debris\pushbox3.wav
valve\sound\debris\bustcrate1.wav
valve\sound\debris\bustcrate2.wav
valve\halflife.wad,1662844,2172
valve\halflife.wad,1862416,6252
valve\halflife.wad,2095916,6252
valve\halflife.wad,2198972,8972
valve\halflife.wad,2569980,13052
valve\halflife.wad,2707584,25292
valve\halflife.wad,2830700,9312
valve\halflife.wad,2903100,22572
valve\halflife.wad,3395868,6252
valve\halflife.wad,3629368,6252
valve\halflife.wad,3732424,8972
valve\halflife.wad,4086300,13052
valve\halflife.wad,4223904,25292
valve\halflife.wad,4347020,9312
valve\halflife.wad,4419420,22572
valve\halflife.wad,4912188,6252
valve\halflife.wad,5056420,6252
valve\halflife.wad,5159476,8972
valve\halflife.wad,5470796,13052
valve\halflife.wad,5706224,9312
valve\halflife.wad,5778624,22572
valve\halflife.wad,6133240,6252
valve\halflife.wad,6181500,6252
valve\halflife.wad,6543348,9312
valve\halflife.wad,6584544,22572
valve\halflife.wad,7420364,2172
valve\halflife.wad,11812216,33452
valve\halflife.wad,11908492,29372
valve\halflife.wad,12028152,8972
valve\halflife.wad,12037124,29372
valve\halflife.wad,12066496,29372
valve\halflife.wad,12095868,29372
valve\halflife.wad,14177720,6252
valve\halflife.wad,16541596,71532
valve\halflife.wad,16635700,55212
valve\halflife.wad,17089672,6252
valve\halflife.wad,18806516,41612
valve\halflife.wad,19739632,6252
valve\halflife.wad,19757028,6252
valve\halflife.wad,19789232,4892
valve\halflife.wad,19941360,22572
valve\halflife.wad,20116476,9312
valve\halflife.wad,20355172,3532
valve\halflife.wad,20675688,4892
valve\halflife.wad,20805300,3532
valve\halflife.wad,22620684,2172
valve\halflife.wad,26162552,2852
valve\halflife.wad,27979408,7612
valve\halflife.wad,28522908,22572
valve\halflife.wad,28568052,22572
valve\halflife.wad,29343788,17132
valve\halflife.wad,29378052,17132
valve\halflife.wad,29446580,2852
valve\halflife.wad,29505852,8972
valve\halflife.wad,29530048,17132
valve\halflife.wad,29790032,17132
valve\halflife.wad,29807164,17132
valve\halflife.wad,29841428,17132
valve\halflife.wad,29875692,17132
valve\halflife.wad,29954288,17132
valve\halflife.wad,30001604,17132
valve\halflife.wad,31595252,6932
valve\halflife.wad,31888712,3532
valve\halflife.wad,32727276,45012
valve\halflife.wad,32973528,1152
valve\halflife.wad,34129212,6252
valve\halflife.wad,34841560,3532
valve\halflife.wad,35499508,28012
valve\halflife.wad,35757320,11692
valve\halflife.wad,35918308,6252
valve\halflife.wad,35999132,4892
valve\halflife.wad,36004024,11012
valve\halflife.wad,36038684,6932
valve\halflife.wad,36075440,3532
valve\halflife.wad,37323992,6252
valve\halflife.wad,37462840,2852
valve\gfx\env\desertrt.bmp
valve\gfx\env\desertrt.bmp
valve\gfx\env\desertbk.bmp
valve\gfx\env\desertbk.bmp
valve\gfx\env\desertlf.bmp
valve\gfx\env\desertlf.bmp
valve\gfx\env\desertft.bmp
valve\gfx\env\desertft.bmp
valve\gfx\env\desertup.bmp
valve\gfx\env\desertup.bmp
valve\gfx\env\desertdn.bmp
valve\gfx\env\desertdn.bmp
valve\decals.wad,850080,4212
valve\decals.wad,381792,17132
valve\decals.wad,648548,6252
valve\decals.wad,886080,8972
valve\decals.wad,710632,3872
valve\decals.wad,581552,6932
valve\decals.wad,616212,6932
valve\decals.wad,332060,8972
