valve\maps\c0a0d.bsp
valve\halflife.wad,581368,2172
valve\halflife.wad,890452,2172
valve\halflife.wad,1107572,2172
valve\halflife.wad,1195968,2172
valve\halflife.wad,1727440,2172
valve\halflife.wad,7199312,22572
valve\halflife.wad,7595100,2512
valve\halflife.wad,7853928,6252
valve\halflife.wad,10019520,2172
valve\halflife.wad,10364068,6252
valve\halflife.wad,10491320,6252
valve\halflife.wad,11234412,6252
valve\halflife.wad,15062536,11692
valve\halflife.wad,16175456,34812
valve\halflife.wad,17469032,17132
valve\halflife.wad,19986504,22572
valve\halflife.wad,20021580,2172
valve\halflife.wad,20516120,6252
valve\halflife.wad,20732032,11692
valve\halflife.wad,22570932,2172
valve\halflife.wad,22855976,22572
valve\halflife.wad,23691448,8972
valve\halflife.wad,24456132,2172
valve\halflife.wad,24856508,28012
valve\halflife.wad,25476656,1152
valve\halflife.wad,26906536,3532
valve\halflife.wad,33305892,25292
valve\halflife.wad,33971208,22572
valve\halflife.wad,35273108,22572
valve\halflife.wad,37323992,6252
valve\halflife.wad,37468544,2852
valve\xeno.wad,1167484,1152
valve\maps\graphs\c0a0d.nod
valve\sound\Ambience\wind1.wav
valve\sound\tride\c0a0_tr_haz.wav
valve\sound\tride\c0a0_tr_arrive.wav
valve\sound\ambience\waterfall2.wav
