valve\maps\c0a0b.bsp
valve\halflife.wad,0,12
valve\halflife.wad,37814384,32
valve\halflife.wad,37847024,32
valve\halflife.wad,37879792,32
valve\halflife.wad,37912560,32
valve\xeno.wad,0,12
valve\xeno.wad,6506080,32
valve\halflife.wad,479128,2172
valve\halflife.wad,608320,1152
valve\halflife.wad,620880,2852
valve\halflife.wad,1635664,2172
valve\halflife.wad,1740132,1152
valve\halflife.wad,2598596,34812
valve\halflife.wad,2707584,25292
valve\halflife.wad,3190416,6252
valve\halflife.wad,4114916,34812
valve\halflife.wad,4223904,25292
valve\halflife.wad,4706736,6252
valve\halflife.wad,5499412,34812
valve\halflife.wad,6029768,6252
valve\halflife.wad,6387592,34812
valve\halflife.wad,6726228,6252
valve\halflife.wad,6756052,34812
valve\halflife.wad,7369252,6252
valve\xeno.wad,1750656,2172
valve\halflife.wad,8088752,11012
valve\halflife.wad,11879120,29372
valve\halflife.wad,12647604,44332
valve\halflife.wad,12932636,67112
valve\halflife.wad,16244532,1152
valve\halflife.wad,16304428,55212
valve\halflife.wad,16746124,66092
valve\halflife.wad,19660056,3532
valve\halflife.wad,19716796,11692
valve\halflife.wad,20125788,22572
valve\halflife.wad,20274404,22572
valve\halflife.wad,20805300,3532
valve\halflife.wad,21088380,11692
valve\halflife.wad,22060960,17132
valve\halflife.wad,22432800,6252
valve\halflife.wad,22831232,2172
valve\halflife.wad,24133628,22572
valve\halflife.wad,24332828,36512
valve\halflife.wad,24369340,12712
valve\halflife.wad,24382052,34812
valve\halflife.wad,24541280,3532
valve\halflife.wad,25515564,22572
valve\halflife.wad,27945504,1152
valve\halflife.wad,28218044,34812
valve\halflife.wad,28319760,22572
valve\halflife.wad,28683688,6252
valve\halflife.wad,29119768,17132
valve\halflife.wad,29514824,8972
valve\halflife.wad,29598576,25292
valve\halflife.wad,29926276,28012
valve\halflife.wad,29971420,17132
valve\halflife.wad,30609432,1152
valve\halflife.wad,31940920,6252
valve\halflife.wad,31985516,49772
valve\halflife.wad,32904188,33452
valve\halflife.wad,33121236,23932
valve\halflife.wad,33145168,47052
valve\halflife.wad,33192220,14412
valve\halflife.wad,33206632,23932
valve\halflife.wad,33230564,31412
valve\halflife.wad,33331184,1492
valve\halflife.wad,33647796,22572
valve\halflife.wad,35183632,44332
valve\halflife.wad,36202428,6252
valve\halflife.wad,36633240,11692
valve\halflife.wad,37099896,66092
valve\halflife.wad,37779708,2172
valve\halflife.wad,32973528,1152
valve\sound\buttons\button11.wav
valve\sound\tride\c0a0_tr_noeat.wav
valve\sound\tride\c0a0_tr_emerg.wav
valve\sound\doors\doormove8.wav
valve\sound\ambience\steamjet1.wav
valve\sound\doors\doormove3.wav
valve\sound\doors\doormove2.wav
valve\sound\apache\ap_rotor2.wav
valve\sound\apache\ap_rotor3.wav
valve\gfx\env\2desertrt.bmp
valve\gfx\env\2desertrt.bmp
valve\gfx\env\2desertbk.bmp
valve\gfx\env\2desertbk.bmp
valve\gfx\env\2desertlf.bmp
valve\gfx\env\2desertlf.bmp
valve\gfx\env\2desertft.bmp
valve\gfx\env\2desertft.bmp
valve\gfx\env\2desertup.bmp
valve\gfx\env\2desertup.bmp
valve\gfx\env\2desertdn.bmp
valve\gfx\env\2desertdn.bmp
