valve\sound\buttons\latchunlocked1.wav
valve\sound\buttons\latchlocked2.wav
valve\sound\buttons\latchlocked1.wav
valve\maps\c0a0c.bsp
valve\halflife.wad,260800,11692
valve\halflife.wad,522796,1152
valve\halflife.wad,1465368,11692
valve\halflife.wad,1500444,8972
valve\halflife.wad,1679332,1152
valve\halflife.wad,2394580,22572
valve\halflife.wad,3910900,22572
valve\halflife.wad,5314568,22572
valve\halflife.wad,11320884,11012
valve\halflife.wad,19872228,6252
valve\halflife.wad,19895404,6252
valve\halflife.wad,22762328,6252
valve\halflife.wad,24508604,2852
valve\halflife.wad,24800484,28012
valve\halflife.wad,25427716,11692
valve\halflife.wad,26208772,17132
valve\halflife.wad,26243036,17132
valve\halflife.wad,26345828,17132
valve\halflife.wad,27831644,8972
valve\halflife.wad,27853460,8972
valve\halflife.wad,27876636,16112
valve\halflife.wad,28522908,22572
valve\halflife.wad,29328564,8972
valve\halflife.wad,31361396,8972
valve\halflife.wad,34016352,22572
valve\halflife.wad,34300532,6252
valve\halflife.wad,37555524,22572
valve\sound\ambience\pounder.wav
valve\sound\buttons\button6.wav
valve\sound\buttons\button1.wav
valve\sound\tride\c0a0_tr_tourn.wav
valve\sound\tride\c0a0_tr_jobs.wav
valve\sound\ambience\loader_hydra1.wav
valve\sound\ambience\loader_step1.wav
