valve\media\half-life10.mp3
valve\maps\c1a1c.bsp
valve\maps\graphs\c1a1c.nod
valve\sound\ambience\waterfall1.wav
valve\sound\ambience\labmoan.wav
valve\sound\ambience\drips.wav
valve\sound\doors\doorstop3.wav
valve\sound\plats\bigmove2.wav
valve\sound\plats\freightstop1.wav
valve\sound\barnacle\bcl_alert2.wav
valve\sound\barnacle\bcl_bite3.wav
valve\sound\barnacle\bcl_chew1.wav
valve\sound\barnacle\bcl_chew2.wav
valve\sound\barnacle\bcl_chew3.wav
valve\sound\barnacle\bcl_die1.wav
valve\sound\barnacle\bcl_die3.wav
valve\sound\ambience\industrial1.wav
valve\sound\ambience\pumper.wav
valve\sound\ambience\squirm2.wav
valve\sound\buttons\lever1.wav
valve\sound\plats\elevmove2.wav
valve\sound\plats\elevbell1.wav
valve\decals.wad,818688,8192