valve\sound\barney\heybuddy.wav
valve\sound\barney\ba_gotone.wav
valve\sound\barney\somethingdied.wav
valve\sound\barney\ba_another.wav
valve\maps\c1a2d.bsp
valve\liquids.wad,0,8192
valve\liquids.wad,474796,1024
valve\halflife.wad,450948,8192
valve\halflife.wad,1637836,7612
valve\halflife.wad,2191360,7612
valve\halflife.wad,2266932,11692
valve\halflife.wad,2318932,11692
valve\halflife.wad,3724812,7612
valve\halflife.wad,3751180,6252
valve\halflife.wad,3800384,11692
valve\halflife.wad,3835252,11692
valve\halflife.wad,5151864,7612
valve\halflife.wad,5178232,6252
valve\halflife.wad,5238920,11692
valve\halflife.wad,6270144,6252
valve\halflife.wad,6929148,1152
valve\halflife.wad,6958312,2852
valve\halflife.wad,7500848,2172
valve\halflife.wad,7748324,6252
valve\halflife.wad,13969416,28012
valve\halflife.wad,19402172,2172
valve\halflife.wad,19794124,17132
valve\halflife.wad,19845520,13052
valve\halflife.wad,20332600,22572
valve\halflife.wad,20675688,4892
valve\halflife.wad,21219448,8972
valve\halflife.wad,21278096,1152
valve\halflife.wad,21430808,2852
valve\halflife.wad,22585608,6252
valve\halflife.wad,22935704,3532
valve\halflife.wad,23422440,2172
valve\halflife.wad,23493744,22572
valve\halflife.wad,25388504,2172
valve\halflife.wad,30030560,2852
valve\halflife.wad,30073508,1492
valve\halflife.wad,31714908,2172
valve\halflife.wad,36749896,3872
valve\halflife.wad,37056888,6252
valve\halflife.wad,487320,8192
valve\halflife.wad,498696,8192
valve\halflife.wad,1610128,8192
valve\halflife.wad,1643856,8192
valve\halflife.wad,1655232,8192
valve\halflife.wad,2191360,8192
valve\halflife.wad,2217728,8192
valve\halflife.wad,2266932,16384
valve\halflife.wad,2318932,16384
valve\halflife.wad,3724812,8192
valve\halflife.wad,3751180,8192
valve\halflife.wad,3800384,16384
valve\halflife.wad,3835252,16384
valve\halflife.wad,5151864,8192
valve\halflife.wad,5178232,8192
valve\halflife.wad,5238920,16384
valve\halflife.wad,6270144,8192
valve\halflife.wad,6929148,8192
valve\halflife.wad,6958312,8192
valve\halflife.wad,7377444,8192
valve\halflife.wad,7500848,8192
valve\halflife.wad,7748324,8192
valve\halflife.wad,13969416,32768
valve\halflife.wad,19402172,8192
valve\halflife.wad,19794124,24576
valve\halflife.wad,19845520,16384
valve\halflife.wad,20332600,24576
valve\halflife.wad,20675688,8192
valve\halflife.wad,20683880,8192
valve\halflife.wad,20801976,2172
valve\halflife.wad,20804148,1152
valve\halflife.wad,21219448,16384
valve\halflife.wad,21278096,8192
valve\halflife.wad,21430808,8192
valve\halflife.wad,21439156,8192
valve\halflife.wad,22585608,8192
valve\halflife.wad,22815744,8192
valve\halflife.wad,22839424,16552
valve\halflife.wad,22935704,8192
valve\halflife.wad,22946300,8192
valve\halflife.wad,23422440,8192
valve\halflife.wad,23493744,24576
valve\halflife.wad,25388504,8192
valve\halflife.wad,30030560,8192
valve\halflife.wad,30073508,8192
valve\halflife.wad,31714908,8192
valve\halflife.wad,33112548,2172
valve\halflife.wad,36749896,8192
valve\halflife.wad,36758088,8192
valve\halflife.wad,37056888,8192
valve\halflife.wad,37072716,16384
valve\halflife.wad,37342748,8192
valve\halflife.wad,7862120,8192
valve\maps\graphs\c1a2d.nod
valve\sound\barney\hellonicesuit.wav
