valve\maps\c1a4.bsp
valve\halflife.wad,523948,1152
valve\halflife.wad,1868668,6252
valve\halflife.wad,2903100,22572
valve\halflife.wad,3402120,6252
valve\halflife.wad,4419420,22572
valve\halflife.wad,4918440,6252
valve\halflife.wad,5778624,22572
valve\halflife.wad,6139492,6252
valve\halflife.wad,6584544,22572
valve\halflife.wad,7420364,2172
valve\halflife.wad,12125240,22572
valve\halflife.wad,12147812,11692
valve\halflife.wad,12176636,17132
valve\halflife.wad,12324572,11012
valve\halflife.wad,12550820,11012
valve\halflife.wad,12579096,6252
valve\halflife.wad,22030588,8972
valve\halflife.wad,22078092,17132
valve\halflife.wad,22107916,44332
valve\halflife.wad,23161176,5912
valve\halflife.wad,24008756,10332
valve\halflife.wad,26125588,2172
valve\halflife.wad,26162552,2852
valve\halflife.wad,28136144,4892
valve\halflife.wad,34141716,6252
valve\halflife.wad,34215684,22572
valve\halflife.wad,34400604,6252
valve\halflife.wad,35999132,4892
valve\halflife.wad,36231252,11692
valve\liquids.wad,308388,22572
valve\maps\graphs\c1a4.nod
valve\sound\plats\ttrain7.wav
valve\sound\buttons\lever4.wav
