valve\maps\c1a4d.bsp
valve\halflife.wad,2940896,25292
valve\halflife.wad,4457216,25292
valve\halflife.wad,5816420,25292
valve\halflife.wad,6613368,25292
valve\halflife.wad,6819688,25292
valve\halflife.wad,7221884,22572
valve\halflife.wad,7335556,11692
valve\halflife.wad,12526360,1152
valve\halflife.wad,13107980,41612
valve\halflife.wad,13740864,13052
valve\halflife.wad,19388988,2172
valve\halflife.wad,26856520,22572
valve\halflife.wad,27966904,7612
valve\halflife.wad,28845260,22572
valve\halflife.wad,31483188,4212
valve\halflife.wad,31581388,4892
valve\halflife.wad,32131412,22572
valve\halflife.wad,34170540,22572
valve\halflife.wad,34638412,22572
valve\halflife.wad,34728700,22572
valve\halflife.wad,34751272,22572
valve\maps\graphs\c1a4d.nod
valve\sound\ambience\wind2.wav
valve\sound\buttons\button5.wav
