valve\sound\scientist\inmesstoo.wav
valve\sound\scientist\c1a4_sci_pwroff.wav
valve\sound\scientist\yees.wav
valve\sound\scientist\sci_fear8.wav
valve\sound\scientist\afellowsci.wav
valve\sound\scientist\sorryimleaving.wav
valve\sound\scientist\c1a4_sci_gener.wav
valve\maps\c1a4f.bsp
valve\halflife.wad,2801876,17132
valve\halflife.wad,3286956,6932
valve\halflife.wad,4318196,17132
valve\halflife.wad,4803276,6932
valve\halflife.wad,5677400,17132
valve\halflife.wad,6126308,6932
valve\halflife.wad,6881152,6932
valve\halflife.wad,10714388,9312
valve\halflife.wad,11983008,22572
valve\halflife.wad,12335584,87852
valve\halflife.wad,14976480,2852
valve\halflife.wad,33692940,22572
valve\halflife.wad,34272520,28012
valve\halflife.wad,36931432,7612
valve\halflife.wad,36990496,11012
valve\halflife.wad,37301420,22572
valve\maps\graphs\c1a4f.nod
valve\sound\buttons\lever5.wav
valve\sound\plats\platstop1.wav
