valve\media\half-life03.mp3
valve\sound\hgrunt\hg_civvies.wav
valve\maps\c2a2h.bsp
valve\halflife.wad,138328,4892
valve\halflife.wad,176652,11692
valve\halflife.wad,700928,11692
valve\halflife.wad,947928,11692
valve\halflife.wad,10102724,22572
valve\halflife.wad,10125296,25292
valve\halflife.wad,10223744,22572
valve\halflife.wad,10731104,22572
valve\halflife.wad,10753676,28012
valve\halflife.wad,10921748,22572
valve\halflife.wad,12239724,28012
valve\halflife.wad,13542212,33452
valve\halflife.wad,13575664,33452
valve\halflife.wad,13830056,49772
valve\halflife.wad,14177720,6252
valve\halflife.wad,14574284,28012
valve\halflife.wad,19918788,22572
valve\halflife.wad,21322616,11012
valve\halflife.wad,21544060,2852
valve\halflife.wad,24603856,11692
valve\halflife.wad,24642180,3532
valve\halflife.wad,26598104,6252
valve\halflife.wad,26613668,6252
valve\halflife.wad,31586280,8972
valve\halflife.wad,37681452,17132
valve\halflife.wad,37733660,4892
valve\maps\graphs\c2a2h.nod
valve\sound\ambience\zipmachine.wav
valve\sound\ambience\deadsignal1.wav
valve\sound\ambience\rocketrumble1.wav
