valve\sound\hgrunt\target!.wav
valve\sound\hgrunt\zero.wav
valve\sound\hgrunt\radio.wav
valve\sound\hgrunt\bogies!.wav
valve\sound\hgrunt\my!.wav
valve\sound\hgrunt\sector!.wav
valve\sound\ambience\rocket_groan3.wav
valve\sound\hgrunt\command.wav
valve\sound\hgrunt\post.wav
valve\sound\hgrunt\position.wav
valve\sound\barney\ba_bring.wav
valve\sound\hgrunt\mission.wav
valve\sound\hgrunt\secure.wav
valve\sound\hgrunt\quiet.wav
valve\sound\hgrunt\maintain.wav
valve\sound\hgrunt\are.wav
valve\sound\hgrunt\all.wav
valve\sound\hgrunt\yessir.wav
valve\maps\c2a2d.bsp
valve\halflife.wad,7891724,17132
valve\halflife.wad,29343788,17132
valve\halflife.wad,30408780,8972
valve\halflife.wad,30652460,22572
valve\halflife.wad,30675032,44332
valve\halflife.wad,30719364,44332
valve\halflife.wad,30763696,87852
valve\halflife.wad,30851548,33452
valve\halflife.wad,30885000,44332
valve\halflife.wad,35144780,3872
valve\maps\graphs\c2a2d.nod