valve\sound\hgrunt\c2a2_hg_chat1a.wav
valve\sound\hgrunt\c2a2_hg_chat2a.wav
valve\sound\hgrunt\c2a2_hg_chat3a.wav
valve\sound\hgrunt\c2a2_hg_chat4a.wav
valve\sound\hgrunt\damn!.wav
valve\maps\c2a2g.bsp
valve\halflife.wad,13444408,8972
valve\halflife.wad,20926524,7612
valve\halflife.wad,28568052,22572
valve\halflife.wad,28947088,14412
valve\halflife.wad,35918308,6252
valve\halflife.wad,37440268,22572
valve\halflife.wad,37623504,2172
valve\maps\graphs\c2a2g.nod
valve\sound\ambience\rifle1.wav
valve\sound\ambience\cricket.wav
valve\gfx\env\nightrt.bmp
valve\gfx\env\nightrt.bmp
valve\gfx\env\nightbk.bmp
valve\gfx\env\nightbk.bmp
valve\gfx\env\nightlf.bmp
valve\gfx\env\nightlf.bmp
valve\gfx\env\nightft.bmp
valve\gfx\env\nightft.bmp
valve\gfx\env\nightup.bmp
valve\gfx\env\nightup.bmp
valve\gfx\env\nightdn.bmp
valve\gfx\env\nightdn.bmp
