valve\sound\ambience\quail1.wav
valve\sound\ambience\_comma.wav
valve\sound\ambience\hawk1.wav
valve\sound\ambience\wren1.wav
valve\sound\ambience\des_wind1.wav
valve\sound\ambience\bee1.wav
valve\sound\ambience\des_wind3.wav
valve\maps\c2a4.bsp
valve\halflife.wad,2507440,19172
valve\halflife.wad,4023760,19172
valve\halflife.wad,5427428,19172
valve\halflife.wad,6531656,11692
valve\halflife.wad,14941404,3532
valve\halflife.wad,17089672,6252
valve\halflife.wad,21376788,8972
valve\halflife.wad,28342332,22572
valve\halflife.wad,28800116,22572
valve\maps\graphs\c2a4.nod
valve\sound\ambience\crickets.wav
valve\gfx\env\morningrt.bmp
valve\gfx\env\morningrt.bmp
valve\gfx\env\morningbk.bmp
valve\gfx\env\morningbk.bmp
valve\gfx\env\morninglf.bmp
valve\gfx\env\morninglf.bmp
valve\gfx\env\morningft.bmp
valve\gfx\env\morningft.bmp
valve\gfx\env\morningup.bmp
valve\gfx\env\morningup.bmp
valve\gfx\env\morningdn.bmp
valve\gfx\env\morningdn.bmp
