valve\media\half-life05.mp3
valve\sound\ambience\mgun_burst3.wav
valve\sound\ambience\distantmortar1.wav
valve\sound\ambience\distantmortar3.wav
valve\sound\ambience\distantmortar2.wav
valve\sound\barney\c2a5_ba_helpme.wav
valve\sound\ambience\biggun2.wav
valve\sound\ambience\mgun_burst4.wav
valve\sound\ambience\mgun_burst1.wav
valve\sound\ambience\rifle2.wav
valve\maps\c2a5c.bsp
valve\halflife.wad,15418512,66092
valve\halflife.wad,15558836,33452
valve\halflife.wad,16635700,55212
valve\halflife.wad,25648804,17132
valve\halflife.wad,29807164,17132
valve\halflife.wad,29892824,33452
valve\halflife.wad,36004024,11012
valve\xeno.wad,2320360,49772
valve\maps\graphs\c2a5c.nod
valve\sound\ambience\alienflyby1.wav
