valve\maps\crossfire.bsp
valve\sound\doors\doormove6.wav
valve\sound\doors\doorstop6.wav
valve\sound\ambience\siren.wav
valve\sound\barney\ba_attack1.wav
valve\sound\barney\ba_attack2.wav
valve\sound\barney\ba_pain1.wav
valve\sound\barney\ba_pain2.wav
valve\sound\barney\ba_pain3.wav
valve\sound\barney\ba_die1.wav
valve\sound\barney\ba_die2.wav
valve\sound\barney\ba_die3.wav
valve\sound\buttons\button3.wav
valve\sound\doors\doormove1.wav
valve\sound\doors\doorstop4.wav
valve\sound\ambience\jetflyby1.wav
valve\sound\weapons\mortarhit.wav
valve\sound\debris\beamstart11.wav
valve\sound\doors\doormove5.wav
valve\halflife.wad,30648,2172
valve\halflife.wad,398496,3532
valve\halflife.wad,523948,1152
valve\halflife.wad,798052,3532
valve\halflife.wad,947928,11692
valve\halflife.wad,1324652,2172
valve\halflife.wad,2242736,6252
valve\halflife.wad,3776188,6252
valve\halflife.wad,5203240,6252
valve\halflife.wad,7586412,2172
valve\halflife.wad,8010364,6252
valve\halflife.wad,8555000,11692
valve\halflife.wad,8957236,22572
valve\halflife.wad,10080152,22572
valve\halflife.wad,10625088,9312
valve\halflife.wad,13164004,68812
valve\halflife.wad,13941404,28012
valve\halflife.wad,16746124,66092
valve\halflife.wad,18869132,6252
valve\halflife.wad,20009076,6252
valve\halflife.wad,20021580,2172
valve\halflife.wad,21356804,11012
valve\halflife.wad,22689192,6252
valve\halflife.wad,22915796,6252
valve\halflife.wad,24369340,12712
valve\halflife.wad,24603856,11692
valve\halflife.wad,24638648,3532
valve\halflife.wad,25488404,3532
valve\halflife.wad,25515564,22572
valve\halflife.wad,28252856,44332
valve\halflife.wad,28689940,6252
valve\halflife.wad,29265948,28352
valve\halflife.wad,29452284,17132
valve\halflife.wad,29892824,33452
valve\halflife.wad,31288300,6932
valve\halflife.wad,32904188,33452
valve\halflife.wad,34272520,28012
valve\halflife.wad,36749896,3872
valve\halflife.wad,36765592,5912
valve\halflife.wad,37063140,1152
valve\halflife.wad,37165988,6252
valve\halflife.wad,37172240,44332
