valve\maps\datacore.bsp
valve\maps\graphs\datacore.nod
valve\xeno.wad,0,12
valve\xeno.wad,6506080,32
valve\halflife.wad,9303448,55212
valve\halflife.wad,14255220,22572
valve\halflife.wad,26123416,2172
valve\halflife.wad,26563916,9312
valve\halflife.wad,26598104,6252
valve\halflife.wad,26604356,9312
valve\halflife.wad,26881264,2172
valve\halflife.wad,1993464,34812
valve\halflife.wad,3431208,2172
valve\halflife.wad,3526916,34812
valve\halflife.wad,4947528,2172
valve\xeno.wad,1750656,2172
valve\halflife.wad,10008508,11012
valve\halflife.wad,11119116,22572
valve\halflife.wad,13969416,28012
valve\halflife.wad,14080368,3532
valve\halflife.wad,14183972,28012
valve\halflife.wad,14211984,28012
valve\halflife.wad,14798096,17812
valve\halflife.wad,14953908,22572
valve\halflife.wad,15760360,28012
valve\halflife.wad,16244532,1152
valve\xeno.wad,2399504,1152
valve\halflife.wad,20227768,6252
valve\halflife.wad,22598112,22572
valve\halflife.wad,22641612,6252
valve\halflife.wad,22855976,22572
valve\halflife.wad,23422440,2172
valve\halflife.wad,23569864,2512
valve\halflife.wad,23590320,2852
valve\halflife.wad,23625528,1492
valve\halflife.wad,23839892,1152
valve\halflife.wad,24456132,2172
valve\halflife.wad,24502352,6252
valve\halflife.wad,24518180,4892
valve\halflife.wad,24565740,6252
valve\halflife.wad,25084020,6252
valve\halflife.wad,25538136,22572
valve\halflife.wad,26535092,6252
valve\halflife.wad,27120828,44332
valve\halflife.wad,27258980,22572
valve\halflife.wad,27281552,22572
valve\halflife.wad,33357420,10332
valve\halflife.wad,33783228,22572
valve\halflife.wad,33936132,6252
valve\halflife.wad,33948636,22572
valve\halflife.wad,34320648,2172
valve\halflife.wad,37625676,2172
valve\halflife.wad,37698584,8972
valve\xeno.wad,1167484,1152
valve\halflife.wad,284184,8972
valve\halflife.wad,1500444,8972
valve\halflife.wad,18976268,10332
valve\halflife.wad,21278096,1152
valve\halflife.wad,23756028,22572
valve\halflife.wad,26906536,3532
