gldrv
reslists
valve\resource
valve\spectatormenu.txt
valve\1024_textscheme.txt
valve\1152_textscheme.txt
valve\1280_textscheme.txt
valve\1600_textscheme.txt
valve\640_textscheme.txt
valve\800_textscheme.txt
valve\config.cfg
valve\credits.txt
valve\default.cfg
valve\language.cfg
valve\listenserver.cfg
valve\settings.scr
valve\spctatormenu.txt
valve\spectcammenu.txt
valve\titles.txt
valve\user.scr
valve\gfx\
valve\hw
valve\logos
valve\models\player\barney\barney.bmp
valve\models\player\gina\gina.bmp
valve\models\player\gman\gman.BMP
valve\models\player\gordon\gordon.bmp
valve\models\player\helmet\helmet.bmp
valve\models\player\hgrunt\hgrunt.bmp
valve\models\player\recon\recon.bmp
valve\models\player\robo\Robo.bmp
valve\models\player\scientist\Scientist.bmp
valve\models\player\zombie\zombie.bmp
valve\maps\c0a0.bsp
valve\maps\c0a0a.bsp
valve\maps\c0a0b.bsp
valve\maps\c0a0c.bsp
valve\maps\c0a0d.bsp
valve\maps\c0a0e.bsp
valve\maps\c1a0.bsp
valve\maps\c1a0a.bsp
valve\maps\c1a0b.bsp
valve\maps\c1a0c.bsp
valve\maps\c1a0d.bsp
valve\maps\c1a0e.bsp
valve\maps\c1a1.bsp
valve\maps\c1a1a.bsp
valve\maps\c1a1b.bsp
valve\maps\c1a1c.bsp
valve\maps\c1a1d.bsp
valve\maps\c1a1f.bsp
valve\maps\c1a2.bsp
valve\maps\c1a2a.bsp
valve\maps\c1a2b.bsp
valve\maps\c1a2c.bsp
valve\maps\c1a2d.bsp
valve\maps\c1a3.bsp
valve\maps\c1a3a.bsp
valve\maps\c1a3b.bsp
valve\maps\c1a3c.bsp
valve\maps\c1a3d.bsp
valve\maps\c1a4.bsp
valve\maps\c1a4b.bsp
valve\maps\c1a4d.bsp
valve\maps\c1a4e.bsp
valve\maps\c1a4f.bsp
valve\maps\c1a4g.bsp
valve\maps\c1a4i.bsp
valve\maps\c1a4j.bsp
valve\maps\c1a4k.bsp
valve\maps\c2a1.bsp
valve\maps\c2a1a.bsp
valve\maps\c2a1b.bsp
valve\maps\c2a2.bsp
valve\maps\c2a2a.bsp
valve\maps\c2a2b1.bsp
valve\maps\c2a2b2.bsp
valve\maps\c2a2c.bsp
valve\maps\c2a2d.bsp
valve\maps\c2a2e.bsp
valve\maps\c2a2f.bsp
valve\maps\c2a2g.bsp
valve\maps\c2a2h.bsp
valve\maps\c2a3.bsp
valve\maps\c2a3a.bsp
valve\maps\c2a3b.bsp
valve\maps\c2a3c.bsp
valve\maps\c2a3d.bsp
valve\maps\c2a3e.bsp
valve\maps\c2a4.bsp
valve\maps\c2a4a.bsp
valve\maps\c2a4b.bsp
valve\maps\c2a4c.bsp
valve\maps\c2a4d.bsp
valve\maps\c2a4e.bsp
valve\maps\c2a4f.bsp
valve\maps\c2a4g.bsp
valve\maps\c2a5.bsp
valve\maps\c2a5a.bsp
valve\maps\c2a5b.bsp
valve\maps\c2a5c.bsp
valve\maps\c2a5d.bsp
valve\maps\c2a5e.bsp
valve\maps\c2a5f.bsp
valve\maps\c2a5g.bsp
valve\maps\c2a5w.bsp
valve\maps\c2a5x.bsp
valve\maps\c3a1.bsp
valve\maps\c3a1a.bsp
valve\maps\c3a1b.bsp
valve\maps\c3a2.bsp
valve\maps\c3a2a.bsp
valve\maps\c3a2b.bsp
valve\maps\c3a2c.bsp
valve\maps\c3a2d.bsp
valve\maps\c3a2e.bsp
valve\maps\c3a2f.bsp
valve\maps\c4a1.bsp
valve\maps\c4a1a.bsp
valve\maps\c4a1b.bsp
valve\maps\c4a1c.bsp
valve\maps\c4a1d.bsp
valve\maps\c4a1e.bsp
valve\maps\c4a1f.bsp
valve\maps\c4a2.bsp
valve\maps\c4a2a.bsp
valve\maps\c4a2b.bsp
valve\maps\c4a3.bsp
valve\maps\c5a1.bsp
valve\maps\t0a0.bsp
valve\maps\t0a0a.bsp
valve\maps\t0a0b.bsp
valve\maps\t0a0b1.bsp
valve\maps\t0a0b2.bsp
valve\maps\t0a0c.bsp
valve\maps\t0a0d.bsp
valve\maps\graphs
valve\media
valve\overviews
valve\resource\background
valve\sound\ui\buttonclick.wav
valve\sound\ui\buttonclickrelease.wav
valve\sound\ui\buttonrollover.wav
valve\sound\agrunt\ag_fire1.wav
valve\sound\agrunt\ag_fire2.wav
valve\sound\agrunt\ag_fire3.wav
valve\sound\apache
valve\sound\aslave
valve\sound\barnacle
valve\sound\barney
valve\sound\boid
valve\sound\bullchicken
valve\sound\common\bodydrop1.wav
valve\sound\common\bodydrop2.wav
valve\sound\common\bodydrop3.wav
valve\sound\common\bodydrop4.wav
valve\sound\common\bodysplat.wav
valve\sound\common\launch_deny1.wav
valve\sound\common\launch_deny2.wav
valve\sound\common\launch_dnmenu1.wav
valve\sound\common\launch_glow1.wav
valve\sound\common\launch_select1.wav
valve\sound\common\launch_select2.wav
valve\sound\common\launch_upmenu1.wav
valve\sound\common\menu1.wav
valve\sound\common\menu2.wav
valve\sound\common\menu3.wav
valve\sound\common\npc_step1.wav
valve\sound\common\npc_step2.wav
valve\sound\common\npc_step3.wav
valve\sound\common\npc_step4.wav
valve\sound\common\null.wav
valve\sound\common\wpn_denyselect.wav
valve\sound\common\wpn_hudoff.wav
valve\sound\common\wpn_hudon.wav
valve\sound\common\wpn_moveselect.wav
valve\sound\common\wpn_select.wav
valve\sound\controller
valve\sound\debris\beamstart1.wav
valve\sound\debris\beamstart10.wav
valve\sound\debris\beamstart11.wav
valve\sound\debris\beamstart14.wav
valve\sound\debris\beamstart15.wav
valve\sound\debris\beamstart2.wav
valve\sound\debris\beamstart3.wav
valve\sound\debris\beamstart4.wav
valve\sound\debris\beamstart5.wav
valve\sound\debris\beamstart6.wav
valve\sound\debris\beamstart7.wav
valve\sound\debris\beamstart8.wav
valve\sound\debris\beamstart9.wav
valve\sound\debris\bustceiling.wav
valve\sound\debris\bustconcrete1.wav
valve\sound\debris\bustconcrete2.wav
valve\sound\debris\bustcrate1.wav
valve\sound\debris\bustcrate2.wav
valve\sound\debris\bustcrate3.wav
valve\sound\debris\bustflesh1.wav
valve\sound\debris\bustflesh2.wav
valve\sound\debris\bustglass1.wav
valve\sound\debris\bustglass2.wav
valve\sound\debris\bustglass3.wav
valve\sound\debris\bustmetal1.wav
valve\sound\debris\bustmetal2.wav
valve\sound\debris\concrete1.wav
valve\sound\debris\concrete2.wav
valve\sound\debris\concrete3.wav
valve\sound\debris\flesh1.wav
valve\sound\debris\flesh2.wav
valve\sound\debris\flesh3.wav
valve\sound\debris\flesh5.wav
valve\sound\debris\flesh6.wav
valve\sound\debris\flesh7.wav
valve\sound\debris\glass1.wav
valve\sound\debris\glass2.wav
valve\sound\debris\glass3.wav
valve\sound\debris\glass4.wav
valve\sound\debris\metal1.wav
valve\sound\debris\metal2.wav
valve\sound\debris\metal3.wav
valve\sound\debris\metal4.wav
valve\sound\debris\metal5.wav
valve\sound\debris\metal6.wav
valve\sound\debris\pushbox1.wav
valve\sound\debris\pushbox2.wav
valve\sound\debris\pushbox3.wav
valve\sound\debris\wood1.wav
valve\sound\debris\wood2.wav
valve\sound\debris\wood3.wav
valve\sound\debris\wood4.wav
valve\sound\debris\zap1.wav
valve\sound\debris\zap2.wav
valve\sound\debris\zap3.wav
valve\sound\debris\zap4.wav
valve\sound\debris\zap5.wav
valve\sound\debris\zap6.wav
valve\sound\debris\zap7.wav
valve\sound\debris\zap8.wav
valve\sound\doors\aliendoor1.wav
valve\sound\doors\aliendoor2.wav
valve\sound\doors\aliendoor3.wav
valve\sound\doors\aliendoor4.wav
valve\sound\doors\aliendoor5.wav
valve\sound\doors\doormove1.wav
valve\sound\doors\doormove10.wav
valve\sound\doors\doormove2.wav
valve\sound\doors\doormove3.wav
valve\sound\doors\doormove4.wav
valve\sound\doors\doormove5.wav
valve\sound\doors\doormove6.wav
valve\sound\doors\doormove7.wav
valve\sound\doors\doormove8.wav
valve\sound\doors\doormove9.wav
valve\sound\doors\doorstop1.wav
valve\sound\doors\doorstop2.wav
valve\sound\doors\doorstop3.wav
valve\sound\doors\doorstop4.wav
valve\sound\doors\doorstop5.wav
valve\sound\doors\doorstop6.wav
valve\sound\doors\doorstop7.wav
valve\sound\doors\doorstop8.wav
valve\sound\fans\fan1.wav
valve\sound\fans\fan1off.wav
valve\sound\fans\fan1on.wav
valve\sound\fans\fan2.wav
valve\sound\fans\fan2off.wav
valve\sound\fans\fan2on.wav
valve\sound\fans\fan3.wav
valve\sound\fans\fan3off.wav
valve\sound\fans\fan3on.wav
valve\sound\fans\fan4.wav
valve\sound\fans\fan4off.wav
valve\sound\fans\fan4on.wav
valve\sound\fans\fan5.wav
valve\sound\fans\fan5off.wav
valve\sound\fans\fan5on.wav
valve\sound\fvox\acquired.wav
valve\sound\fvox\activated.wav
valve\sound\fvox\administering_medical.wav
valve\sound\fvox\adrenaline_shot.wav
valve\sound\fvox\alert.wav
valve\sound\fvox\am.wav
valve\sound\fvox\ammo_depleted.wav
valve\sound\fvox\ammo_pickup.wav
valve\sound\fvox\antidote_shot.wav
valve\sound\fvox\antitoxin_shot.wav
valve\sound\fvox\armor_compromised.wav
valve\sound\fvox\armor_gone.wav
valve\sound\fvox\atmospherics_on.wav
valve\sound\fvox\automedic_on.wav
valve\sound\fvox\bell.wav
valve\sound\fvox\biohazard_detected.wav
valve\sound\fvox\bio_reading.wav
valve\sound\fvox\bleeding_stopped.wav
valve\sound\fvox\blip.wav
valve\sound\fvox\blood_loss.wav
valve\sound\fvox\blood_plasma.wav
valve\sound\fvox\blood_toxins.wav
valve\sound\fvox\boop.wav
valve\sound\fvox\buzz.wav
valve\sound\fvox\chemical_detected.wav
valve\sound\fvox\communications_on.wav
valve\sound\fvox\danger.wav
valve\sound\fvox\deactivated.wav
valve\sound\fvox\east.wav
valve\sound\fvox\eight.wav
valve\sound\fvox\eighteen.wav
valve\sound\fvox\eighty.wav
valve\sound\fvox\eleven.wav
valve\sound\fvox\evacuate_area.wav
valve\sound\fvox\fifteen.wav
valve\sound\fvox\fifty.wav
valve\sound\fvox\five.wav
valve\sound\fvox\flatline.wav
valve\sound\fvox\four.wav
valve\sound\fvox\fourteen.wav
valve\sound\fvox\fourty.wav
valve\sound\fvox\fuzz.wav
valve\sound\fvox\get_44ammo.wav
valve\sound\fvox\get_44pistol.wav
valve\sound\fvox\get_9mmclip.wav
valve\sound\fvox\get_alien_wpn.wav
valve\sound\fvox\get_assault.wav
valve\sound\fvox\get_assaultgren.wav
valve\sound\fvox\get_battery.wav
valve\sound\fvox\get_bolts.wav
valve\sound\fvox\get_buckshot.wav
valve\sound\fvox\get_crossbow.wav
valve\sound\fvox\get_egon.wav
valve\sound\fvox\get_egonpower.wav
valve\sound\fvox\get_gauss.wav
valve\sound\fvox\get_grenade.wav
valve\sound\fvox\get_medkit.wav
valve\sound\fvox\get_pistol.wav
valve\sound\fvox\get_rpg.wav
valve\sound\fvox\get_rpgammo.wav
valve\sound\fvox\get_satchel.wav
valve\sound\fvox\get_shotgun.wav
valve\sound\fvox\get_tripmine.wav
valve\sound\fvox\health_critical.wav
valve\sound\fvox\health_dropping.wav
valve\sound\fvox\health_dropping2.wav
valve\sound\fvox\heat_damage.wav
valve\sound\fvox\hev_critical_fail.wav
valve\sound\fvox\hev_damage.wav
valve\sound\fvox\hev_general_fail.wav
valve\sound\fvox\hev_logon.wav
valve\sound\fvox\hev_shutdown.wav
valve\sound\fvox\hiss.wav
valve\sound\fvox\hours.wav
valve\sound\fvox\immediately.wav
valve\sound\fvox\innsuficient_medical.wav
valve\sound\fvox\internal_bleeding.wav
valve\sound\fvox\major_fracture.wav
valve\sound\fvox\major_lacerations.wav
valve\sound\fvox\medical_repaired.wav
valve\sound\fvox\meters.wav
valve\sound\fvox\minor_fracture.wav
valve\sound\fvox\minor_lacerations.wav
valve\sound\fvox\minutes.wav
valve\sound\fvox\morphine_shot.wav
valve\sound\fvox\munitionview_on.wav
valve\sound\fvox\near_death.wav
valve\sound\fvox\nine.wav
valve\sound\fvox\nineteen.wav
valve\sound\fvox\ninety.wav
valve\sound\fvox\north.wav
valve\sound\fvox\one.wav
valve\sound\fvox\onehundred.wav
valve\sound\fvox\online.wav
valve\sound\fvox\pain_block.wav
valve\sound\fvox\percent.wav
valve\sound\fvox\pm.wav
valve\sound\fvox\position.wav
valve\sound\fvox\powerarmor_on.wav
valve\sound\fvox\powermove_on.wav
valve\sound\fvox\powermove_overload.wav
valve\sound\fvox\power_below.wav
valve\sound\fvox\power_level_is.wav
valve\sound\fvox\power_restored.wav
valve\sound\fvox\radiation_detected.wav
valve\sound\fvox\range.wav
valve\sound\fvox\remaining.wav
valve\sound\fvox\safe_day.wav
valve\sound\fvox\seconds.wav
valve\sound\fvox\seek_medic.wav
valve\sound\fvox\seven.wav
valve\sound\fvox\seventeen.wav
valve\sound\fvox\seventy.wav
valve\sound\fvox\shock_damage.wav
valve\sound\fvox\six.wav
valve\sound\fvox\sixteen.wav
valve\sound\fvox\sixty.wav
valve\sound\fvox\south.wav
valve\sound\fvox\targetting_system.wav
valve\sound\fvox\ten.wav
valve\sound\fvox\thirteen.wav
valve\sound\fvox\thirty.wav
valve\sound\fvox\three.wav
valve\sound\fvox\time_is_now.wav
valve\sound\fvox\time_remaining.wav
valve\sound\fvox\torniquette_applied.wav
valve\sound\fvox\twelve.wav
valve\sound\fvox\twenty.wav
valve\sound\fvox\twentyfive.wav
valve\sound\fvox\two.wav
valve\sound\fvox\vitalsigns_on.wav
valve\sound\fvox\voice_off.wav
valve\sound\fvox\voice_on.wav
valve\sound\fvox\warning.wav
valve\sound\fvox\weaponselect_on.wav
valve\sound\fvox\weapon_pickup.wav
valve\sound\fvox\west.wav
valve\sound\fvox\wound_sterilized.wav
valve\sound\fvox\your.wav
valve\sound\fvox\_comma.wav
valve\sound\fvox\_period.wav
valve\sound\garg
valve\sound\gman
valve\sound\gonarch
valve\sound\hassault
valve\sound\headcrab
valve\sound\hgrunt
valve\sound\holo
valve\sound\houndeye
valve\sound\ichy
valve\sound\items\9mmclip1.wav
valve\sound\items\9mmclip2.wav
valve\sound\items\airtank1.wav
valve\sound\items\ammopickup1.wav
valve\sound\items\ammopickup2.wav
valve\sound\items\clipinsert1.wav
valve\sound\items\cliprelease1.wav
valve\sound\items\flashlight1.wav
valve\sound\items\guncock1.wav
valve\sound\items\gunpickup1.wav
valve\sound\items\gunpickup2.wav
valve\sound\items\gunpickup3.wav
valve\sound\items\gunpickup4.wav
valve\sound\items\medcharge4.wav
valve\sound\items\medshot4.wav
valve\sound\items\medshot5.wav
valve\sound\items\medshotno1.wav
valve\sound\items\smallmedkit1.wav
valve\sound\items\smallmedkit2.wav
valve\sound\items\suitcharge1.wav
valve\sound\items\suitchargeno1.wav
valve\sound\items\suitchargeok1.wav
valve\sound\items\weapondrop1.wav
valve\sound\leech
valve\sound\nihilanth
valve\sound\roach
valve\sound\scientist
valve\sound\tentacle
valve\sound\tride
valve\sound\vox
valve\sound\weapons\357_cock1.wav
valve\sound\weapons\357_reload1.wav
valve\sound\weapons\357_shot1.wav
valve\sound\weapons\357_shot2.wav
valve\sound\weapons\bullet_hit1.wav
valve\sound\weapons\bullet_hit2.wav
valve\sound\weapons\cbar_hit1.wav
valve\sound\weapons\cbar_hit2.wav
valve\sound\weapons\cbar_hitbod1.wav
valve\sound\weapons\cbar_hitbod2.wav
valve\sound\weapons\cbar_hitbod3.wav
valve\sound\weapons\cbar_miss1.wav
valve\sound\weapons\dbarrel1.wav
valve\sound\weapons\debris1.wav
valve\sound\weapons\debris2.wav
valve\sound\weapons\debris3.wav
valve\sound\weapons\dryfire1.wav
valve\sound\weapons\egon_off1.wav
valve\sound\weapons\egon_run3.wav
valve\sound\weapons\egon_windup2.wav
valve\sound\weapons\electro4.wav
valve\sound\weapons\electro5.wav
valve\sound\weapons\electro6.wav
valve\sound\weapons\explode3.wav
valve\sound\weapons\explode4.wav
valve\sound\weapons\explode5.wav
valve\sound\weapons\gauss2.wav
valve\sound\weapons\glauncher.wav
valve\sound\weapons\glauncher2.wav
valve\sound\weapons\grenade_hit1.wav
valve\sound\weapons\grenade_hit2.wav
valve\sound\weapons\grenade_hit3.wav
valve\sound\weapons\gren_cock1.wav
valve\sound\weapons\g_bounce1.wav
valve\sound\weapons\g_bounce2.wav
valve\sound\weapons\g_bounce3.wav
valve\sound\weapons\g_bounce4.wav
valve\sound\weapons\g_bounce5.wav
valve\sound\weapons\hks1.wav
valve\sound\weapons\hks2.wav
valve\sound\weapons\hks3.wav
valve\sound\weapons\mine_activate.wav
valve\sound\weapons\mine_charge.wav
valve\sound\weapons\mine_deploy.wav
valve\sound\weapons\mortar.wav
valve\sound\weapons\mortarhit.wav
valve\sound\weapons\pl_gun1.wav
valve\sound\weapons\pl_gun2.wav
valve\sound\weapons\pl_gun3.wav
valve\sound\weapons\reload1.wav
valve\sound\weapons\reload2.wav
valve\sound\weapons\reload3.wav
valve\sound\weapons\ric1.wav
valve\sound\weapons\ric2.wav
valve\sound\weapons\ric3.wav
valve\sound\weapons\ric4.wav
valve\sound\weapons\ric5.wav
valve\sound\weapons\rocket1.wav
valve\sound\weapons\rocketfire1.wav
valve\sound\weapons\sbarrel1.wav
valve\sound\weapons\scock1.wav
valve\sound\weapons\sshell1.wav
valve\sound\weapons\sshell2.wav
valve\sound\weapons\sshell3.wav
valve\sound\weapons\xbow_fire1.wav
valve\sound\weapons\xbow_fly1.wav
valve\sound\weapons\xbow_hit1.wav
valve\sound\weapons\xbow_hit2.wav
valve\sound\weapons\xbow_hitbod1.wav
valve\sound\weapons\xbow_hitbod2.wav
valve\sound\weapons\xbow_reload1.wav
valve\sound\x
valve\sound\zombie