valve\maps\lambda_bunker.bsp
valve\sound\buttons\spark1.wav
valve\sound\buttons\spark2.wav
valve\sound\buttons\spark3.wav
valve\sound\buttons\spark4.wav
valve\sound\ambience\drips.wav
valve\sound\ambience\wind1.wav
valve\sound\doors\doorstop7.wav
valve\sound\buttons\latchlocked1.wav
valve\sound\debris\bustmetal1.wav
valve\sound\debris\bustmetal2.wav
valve\sound\ambience\waterfall1.wav
valve\sound\ambience\pumper.wav
valve\liquids.wad,131628,22572
valve\halflife.wad,620880,2852
valve\halflife.wad,844460,1832
valve\halflife.wad,1085076,1832
valve\halflife.wad,6958312,2852
valve\halflife.wad,16304428,55212
valve\halflife.wad,16414852,55212
valve\halflife.wad,16690912,55212
valve\halflife.wad,19716796,11692
valve\halflife.wad,22009868,3872
valve\halflife.wad,23913028,37532
valve\halflife.wad,23950560,37532
valve\halflife.wad,24442892,2172
valve\halflife.wad,24674592,8972
valve\halflife.wad,31135192,7612
valve\halflife.wad,31810196,5912
valve\halflife.wad,31858964,6932
valve\halflife.wad,32772288,34812
valve\halflife.wad,34061496,22572
valve\halflife.wad,34481220,22572
valve\halflife.wad,34503792,22572
valve\halflife.wad,34526364,22572
valve\halflife.wad,34638412,22572
valve\halflife.wad,35250536,22572
valve\halflife.wad,35723604,11012
valve\halflife.wad,36794812,4892
valve\halflife.wad,37555524,22572
valve\halflife.wad,20709376,32768
valve\decals.wad,466128,2852