valve\maps\rapidcore.bsp
valve\sound\debris\bustglass1.wav
valve\sound\debris\bustglass2.wav
valve\sound\ambience\alien_purrmachine.wav
valve\sound\ambience\dronemachine3.wav
valve\halflife.wad,9562356,25292
valve\halflife.wad,116664,2172
valve\halflife.wad,188344,11692
valve\halflife.wad,712620,11692
valve\halflife.wad,1402584,2172
valve\halflife.wad,8400000,10332
valve\halflife.wad,8912092,22572
valve\halflife.wad,8986060,55212
valve\halflife.wad,9096484,55212
valve\halflife.wad,9151696,28012
valve\halflife.wad,9207720,28012
valve\halflife.wad,9235732,22572
valve\halflife.wad,10364068,6252
valve\halflife.wad,10972804,28012
valve\halflife.wad,12295748,22572
valve\halflife.wad,12579096,6252
valve\halflife.wad,18119540,33452
valve\halflife.wad,18152992,8972
valve\halflife.wad,18173656,17132
valve\halflife.wad,18232116,6252
valve\halflife.wad,18405872,17132
valve\halflife.wad,18458080,6252
valve\halflife.wad,18464332,33452
valve\halflife.wad,18621768,13052
valve\halflife.wad,19622280,22572
valve\halflife.wad,20296976,28012
valve\halflife.wad,20537860,9312
valve\halflife.wad,20635456,4892
valve\halflife.wad,21117204,11692
valve\halflife.wad,22095224,1152
valve\halflife.wad,22432800,6252
valve\halflife.wad,22733504,6252
valve\halflife.wad,23136508,4892
valve\halflife.wad,23268876,6252
valve\halflife.wad,24111056,22572
valve\halflife.wad,24332828,36512
valve\halflife.wad,24738756,22572
valve\halflife.wad,25374244,2512
valve\halflife.wad,36881000,2172

