valve\decals.wad,764916,13052
valve\maps\subtransit.bsp
valve\maps\graphs\subtransit.nod
valve\sound\ambience\labdrone2.wav
valve\sound\doors\doormove1.wav
valve\sound\doors\doorstop6.wav
valve\sound\buttons\lever1.wav
valve\sound\plats\ttrain1.wav
valve\sound\plats\ttrain_brake1.wav
valve\sound\plats\ttrain_start1.wav
valve\halflife.wad,618028,2852
valve\halflife.wad,1749840,2852
valve\halflife.wad,2333948,22572
valve\halflife.wad,3139020,22572
valve\halflife.wad,3184164,6252
valve\halflife.wad,3373296,22572
valve\halflife.wad,3850268,22572
valve\halflife.wad,4655340,22572
valve\halflife.wad,4700484,6252
valve\halflife.wad,5253936,22572
valve\halflife.wad,5978372,22572
valve\halflife.wad,6023516,6252
valve\halflife.wad,6674832,22572
valve\halflife.wad,6719976,6252
valve\halflife.wad,13740864,13052
valve\halflife.wad,14374104,6252
valve\halflife.wad,14380356,6252
valve\halflife.wad,19716796,11692
valve\halflife.wad,20009076,6252
valve\halflife.wad,20021580,2172
valve\halflife.wad,20324988,7612
valve\halflife.wad,20478608,6252
valve\halflife.wad,22915796,6252
valve\halflife.wad,24565740,6252
valve\halflife.wad,27945504,1152
valve\halflife.wad,30937076,11692
valve\halflife.wad,32353052,21212
valve\halflife.wad,32374264,21212
valve\halflife.wad,32904188,33452
valve\halflife.wad,33640732,3532
valve\halflife.wad,34141716,6252
valve\halflife.wad,34215684,22572
valve\halflife.wad,34272520,28012
valve\halflife.wad,34320648,2172
valve\halflife.wad,34845092,22572
valve\halflife.wad,35160268,3532
valve\halflife.wad,35227964,22572
valve\halflife.wad,35408540,6932
valve\halflife.wad,35415472,28012
valve\halflife.wad,35639568,28012
valve\halflife.wad,35667580,28012
valve\halflife.wad,35695592,28012
valve\halflife.wad,35821220,17132
valve\halflife.wad,35838352,13052
valve\halflife.wad,35884856,33452
valve\halflife.wad,36606740,6252
valve\halflife.wad,36948356,8972
valve\halflife.wad,36957328,13052
