valve\maps\undertow.bsp
valve\decals.wad,794476,8192
valve\decals.wad,793324,1152
valve\decals.wad,791020,1152
valve\decals.wad,792172,1152
valve\decals.wad,136156,8192
valve\decals.wad,129904,6252
valve\decals.wad,118288,8192
valve\decals.wad,751864,16384
valve\decals.wad,114416,3872
valve\decals.wad,564364,8192
valve\decals.wad,768248,16384
valve\sound\fvox\blip.wav
valve\sound\fvox\powermove_on.wav
valve\sound\fvox\_comma.wav
valve\sound\fvox\flatline.wav
valve\sound\items\gunpickup2.wav
valve\sound\items\9mmclip1.wav
valve\sound\weapons\dbarrel1.wav
valve\sound\weapons\sbarrel1.wav
valve\sound\weapons\reload1.wav
valve\sound\weapons\reload3.wav
valve\sound\weapons\357_cock1.wav
valve\sound\weapons\scock1.wav
valve\sound\weapons\cbar_hit1.wav
valve\sound\weapons\cbar_hit2.wav
valve\sound\weapons\cbar_hitbod1.wav
valve\sound\weapons\cbar_hitbod2.wav
valve\sound\weapons\cbar_hitbod3.wav
valve\sound\weapons\cbar_miss1.wav
valve\sound\items\9mmclip2.wav
valve\sound\weapons\pl_gun1.wav
valve\sound\weapons\pl_gun2.wav
valve\sound\weapons\pl_gun3.wav
valve\sound\items\clipinsert1.wav
valve\sound\items\cliprelease1.wav
valve\sound\weapons\hks1.wav
valve\sound\weapons\hks2.wav
valve\sound\weapons\hks3.wav
valve\sound\weapons\glauncher.wav
valve\sound\weapons\glauncher2.wav
valve\sound\weapons\357_reload1.wav
valve\sound\weapons\357_shot1.wav
valve\sound\weapons\357_shot2.wav
valve\sound\weapons\gauss2.wav
valve\sound\weapons\electro4.wav
valve\sound\weapons\electro5.wav
valve\sound\weapons\electro6.wav
valve\sound\ambience\pulsemachine.wav
valve\sound\weapons\rocket1.wav
valve\sound\weapons\rocketfire1.wav
valve\sound\weapons\xbow_fire1.wav
valve\sound\weapons\xbow_reload1.wav
valve\sound\weapons\xbow_hitbod1.wav
valve\sound\weapons\xbow_hitbod2.wav
valve\sound\weapons\xbow_fly1.wav
valve\sound\weapons\xbow_hit1.wav
valve\sound\fvox\beep.wav
valve\sound\weapons\egon_off1.wav
valve\sound\weapons\egon_run3.wav
valve\sound\weapons\egon_windup2.wav
valve\sound\weapons\mine_deploy.wav
valve\sound\weapons\mine_activate.wav
valve\sound\weapons\mine_charge.wav
valve\sound\weapons\g_bounce1.wav
valve\sound\weapons\g_bounce2.wav
valve\sound\weapons\g_bounce3.wav
valve\sound\squeek\sqk_hunt2.wav
valve\sound\squeek\sqk_hunt3.wav
valve\sound\squeek\sqk_blast1.wav
valve\sound\common\bodysplat.wav
valve\sound\squeek\sqk_die1.wav
valve\sound\squeek\sqk_hunt1.wav
valve\sound\squeek\sqk_deploy1.wav
valve\sound\agrunt\ag_fire1.wav
valve\sound\agrunt\ag_fire2.wav
valve\sound\agrunt\ag_fire3.wav
valve\sound\hornet\ag_buzz1.wav
valve\sound\hornet\ag_buzz2.wav
valve\sound\hornet\ag_buzz3.wav
valve\sound\hornet\ag_hornethit1.wav
valve\sound\hornet\ag_hornethit2.wav
valve\sound\hornet\ag_hornethit3.wav
valve\sound\weapons\debris1.wav
valve\sound\weapons\debris2.wav
valve\sound\weapons\debris3.wav
valve\sound\weapons\grenade_hit1.wav
valve\sound\weapons\grenade_hit2.wav
valve\sound\weapons\grenade_hit3.wav
valve\sound\weapons\bullet_hit1.wav
valve\sound\weapons\bullet_hit2.wav
valve\sound\items\weapondrop1.wav
valve\sound\player\sprayer.wav
valve\sound\player\pl_fallpain2.wav
valve\sound\player\pl_fallpain3.wav
valve\sound\player\pl_step1.wav
valve\sound\player\pl_step2.wav
valve\sound\player\pl_step3.wav
valve\sound\player\pl_step4.wav
valve\sound\common\npc_step1.wav
valve\sound\common\npc_step2.wav
valve\sound\common\npc_step3.wav
valve\sound\common\npc_step4.wav
valve\sound\player\pl_metal1.wav
valve\sound\player\pl_metal2.wav
valve\sound\player\pl_metal3.wav
valve\sound\player\pl_metal4.wav
valve\sound\player\pl_dirt1.wav
valve\sound\player\pl_dirt2.wav
valve\sound\player\pl_dirt3.wav
valve\sound\player\pl_dirt4.wav
valve\sound\player\pl_duct1.wav
valve\sound\player\pl_duct2.wav
valve\sound\player\pl_duct3.wav
valve\sound\player\pl_duct4.wav
valve\sound\player\pl_grate1.wav
valve\sound\player\pl_grate2.wav
valve\sound\player\pl_grate3.wav
valve\sound\player\pl_grate4.wav
valve\sound\player\pl_slosh1.wav
valve\sound\player\pl_slosh2.wav
valve\sound\player\pl_slosh3.wav
valve\sound\player\pl_slosh4.wav
valve\sound\player\pl_tile1.wav
valve\sound\player\pl_tile2.wav
valve\sound\player\pl_tile3.wav
valve\sound\player\pl_tile4.wav
valve\sound\player\pl_tile5.wav
valve\sound\player\pl_swim1.wav
valve\sound\player\pl_swim2.wav
valve\sound\player\pl_swim3.wav
valve\sound\player\pl_swim4.wav
valve\sound\player\pl_ladder1.wav
valve\sound\player\pl_ladder2.wav
valve\sound\player\pl_ladder3.wav
valve\sound\player\pl_ladder4.wav
valve\sound\player\pl_wade1.wav
valve\sound\player\pl_wade2.wav
valve\sound\player\pl_wade3.wav
valve\sound\player\pl_wade4.wav
valve\sound\plats\train_use1.wav
valve\sound\buttons\spark5.wav
valve\sound\buttons\spark6.wav
valve\sound\items\flashlight1.wav
valve\sound\player\pl_pain2.wav
valve\sound\player\pl_pain4.wav
valve\sound\player\pl_pain5.wav
valve\sound\player\pl_pain6.wav
valve\sound\player\pl_pain7.wav
valve\sound\common\wpn_hudoff.wav
valve\sound\common\wpn_hudon.wav
valve\sound\common\wpn_moveselect.wav
valve\sound\common\wpn_select.wav
valve\sound\common\wpn_denyselect.wav
valve\sound\common\null.wav
valve\sound\items\suitchargeok1.wav
valve\sound\common\bodydrop3.wav
valve\sound\common\bodydrop4.wav
valve\sound\items\medshot4.wav
valve\sound\items\medshotno1.wav
valve\sound\items\medcharge4.wav
valve\sound\doors\doormove1.wav
valve\sound\doors\doorstop6.wav
valve\sound\plats\bigmove1.wav
valve\sound\plats\bigstop1.wav
valve\sound\plats\freightmove1.wav
valve\sound\plats\talkstop1.wav
valve\sound\buttons\button5.wav
valve\sound\ambience\waterfall3.wav
valve\sound\plats\bigmove2.wav
valve\sound\doors\doormove2.wav
valve\sound\doors\doorstop7.wav
valve\sound\buttons\button10.wav
valve\sound\ambience\siren.wav
valve\sound\ambience\waterfall1.wav
valve\halflife.wad,0,8192
valve\halflife.wad,37814384,8192
valve\halflife.wad,37822576,8192
valve\halflife.wad,37830768,8192
valve\halflife.wad,37838960,8192
valve\halflife.wad,37847152,8192
valve\halflife.wad,37855344,8192
valve\halflife.wad,37863536,8192
valve\halflife.wad,37871728,8192
valve\halflife.wad,37879920,8192
valve\halflife.wad,37888112,8192
valve\halflife.wad,37896304,8192
valve\halflife.wad,37904496,8192
valve\halflife.wad,37912688,1408
valve\halflife.wad,28476,8192
valve\halflife.wad,306812,16384
valve\halflife.wad,479128,8192
valve\halflife.wad,487320,8192
valve\halflife.wad,496524,8192
valve\halflife.wad,521644,8192
valve\halflife.wad,1324652,8192
valve\halflife.wad,1512948,16384
valve\halflife.wad,1635664,8192
valve\halflife.wad,1643856,8192
valve\halflife.wad,1653060,8192
valve\halflife.wad,1678180,8192
valve\halflife.wad,1930376,32768
valve\halflife.wad,3184164,8192
valve\halflife.wad,3463828,32768
valve\halflife.wad,4700484,8192
valve\halflife.wad,6023516,8192
valve\halflife.wad,6719976,8192
valve\halflife.wad,6929148,8192
valve\halflife.wad,7367080,8192
valve\halflife.wad,7375272,8192
valve\halflife.wad,7457612,16384
valve\halflife.wad,7595100,8192
valve\halflife.wad,9846556,32768
valve\halflife.wad,9879324,32768
valve\halflife.wad,9925152,40960
valve\halflife.wad,10497572,8192
valve\halflife.wad,12028152,16384
valve\halflife.wad,12095868,32768
valve\halflife.wad,13164004,73728
valve\halflife.wad,13969416,32768
valve\halflife.wad,14177720,8192
valve\halflife.wad,16541596,73728
valve\halflife.wad,17089672,8192
valve\halflife.wad,19941360,24576
valve\halflife.wad,20296976,32768
valve\halflife.wad,20332600,24576
valve\halflife.wad,20357176,8192
valve\halflife.wad,20745896,8192
valve\halflife.wad,22598112,24576
valve\halflife.wad,22819616,8192
valve\halflife.wad,27754524,8192
valve\halflife.wad,27945504,8192
valve\halflife.wad,30930824,8192
valve\halflife.wad,30939016,16384
valve\halflife.wad,31888712,8192
valve\halflife.wad,32727276,49152
valve\halflife.wad,32904188,40960
valve\halflife.wad,33112548,8192
valve\halflife.wad,33644264,8192
valve\halflife.wad,34016352,24576
valve\halflife.wad,34215684,24576
valve\halflife.wad,34272520,32768
valve\halflife.wad,34481220,24576
valve\halflife.wad,34505796,24576
valve\halflife.wad,35415472,32768
valve\halflife.wad,35695592,32768
valve\halflife.wad,36606740,8192
valve\halflife.wad,37342748,8192
valve\halflife.wad,37415524,8192
valve\halflife.wad,37779708,8192
valve\halflife.wad,37806716,8192
valve\halflife.wad,7860180,8192
valve\halflife.wad,19663588,8192
valve\liquids.wad,0,8192
valve\liquids.wad,474796,1024
valve\xeno.wad,0,8192
valve\xeno.wad,6506080,8192
valve\xeno.wad,6514272,256
valve\xeno.wad,2763808,8192
valve\gfx\env\nightrt.bmp
valve\gfx\env\nightrt.bmp
valve\gfx\env\nightbk.bmp
valve\gfx\env\nightbk.bmp
valve\gfx\env\nightlf.bmp
valve\gfx\env\nightlf.bmp
valve\gfx\env\nightft.bmp
valve\gfx\env\nightft.bmp
valve\gfx\env\nightup.bmp
valve\gfx\env\nightup.bmp
valve\gfx\env\nightdn.bmp
valve\gfx\env\nightdn.bmp

